Script started on Sun Sep  4 10:41:30 2011
[?1034hbash-3.2$ ([Ksbcl
This is SBCL 1.0.51.0-a546163, an implementation of ANSI Common Lisp.
More information about SBCL is available at <http://www.sbcl.org/>.

SBCL is free software, provided as is, with absolutely no warranty.
It is mostly in the public domain; some portions are provided under
BSD-style licenses.  See the CREDITS and COPYING files in the
distribution for more information.
* (load "p0.lsp")


; file: /Users/aaron/Desktop/Dropbox/CS/CS580/Homework/Homework0/p0.lsp
; in: DEFUN P0
;     (SETF *PRINT_MAX* 30)
; ==>
;   (SETQ *PRINT_MAX* 30)
; 
; caught WARNING:
;   undefined variable: *PRINT_MAX*

;     (GEN_PERM SYM_LIST)
; 
; caught STYLE-WARNING:
;   undefined function: GEN_PERM
; 
; compilation unit finished
;   Undefined function:
;     GEN_PERM
;   Undefined variable:
;     *PRINT_MAX*
;   caught 1 WARNING condition
;   caught 1 STYLE-WARNING condition

; in: DEFUN GEN_PERM
;     (SETF *PERM_CNT* 0)
; ==>
;   (SETQ *PERM_CNT* 0)
; 
; caught WARNING:
;   undefined variable: *PERM_CNT*

;     (PERMUTE SYM_LIST 'NIL)
; 
; caught STYLE-WARNING:
;   undefined function: PERMUTE
; 
; compilation unit finished
;   Undefined function:
;     PERMUTE
;   Undefined variable:
;     *PERM_CNT*
;   caught 1 WARNING condition
;   caught 1 STYLE-WARNING condition

; in: DEFUN PERMUTE
;     (< *PERM_CNT* *PRINT_MAX*)
; 
; caught WARNING:
;   undefined variable: *PERM_CNT*
; 
; caught WARNING:
;   undefined variable: *PRINT_MAX*
; 
; compilation unit finished
;   Undefined variables:
;     *PERM_CNT* *PRINT_MAX*
;   caught 2 WARNING conditions

T
* (p0)

Generating permutations of: (DOGS CATS)

(CATS DOGS) 
(DOGS CATS) 
  Permutation count: 2


Generating permutations of: (THREE BLIND MICE)

(MICE BLIND THREE) 
(BLIND MICE THREE) 
(MICE THREE BLIND) 
(THREE MICE BLIND) 
(BLIND THREE MICE) 
(THREE BLIND MICE) 
  Permutation count: 6


Generating permutations of: (SPRING SUMMER FALL WINTER)

(WINTER FALL SUMMER SPRING) 
(FALL WINTER SUMMER SPRING) 
(WINTER SUMMER FALL SPRING) 
(SUMMER WINTER FALL SPRING) 
(FALL SUMMER WINTER SPRING) 
(SUMMER FALL WINTER SPRING) 
(WINTER FALL SPRING SUMMER) 
(FALL WINTER SPRING SUMMER) 
(WINTER SPRING FALL SUMMER) 
(SPRING WINTER FALL SUMMER) 
(FALL SPRING WINTER SUMMER) 
(SPRING FALL WINTER SUMMER) 
(WINTER SUMMER SPRING FALL) 
(SUMMER WINTER SPRING FALL) 
(WINTER SPRING SUMMER FALL) 
(SPRING WINTER SUMMER FALL) 
(SUMMER SPRING WINTER FALL) 
(SPRING SUMMER WINTER FALL) 
(FALL SUMMER SPRING WINTER) 
(SUMMER FALL SPRING WINTER) 
(FALL SPRING SUMMER WINTER) 
(SPRING FALL SUMMER WINTER) 
(SUMMER SPRING FALL WINTER) 
(SPRING SUMMER FALL WINTER) 
  Permutation count: 24


Generating permutations of: (MONDAY TUESDAY WEDNESDAY THURSDAY FRIDAY)

(FRIDAY THURSDAY WEDNESDAY TUESDAY MONDAY) 
(THURSDAY FRIDAY WEDNESDAY TUESDAY MONDAY) 
(FRIDAY WEDNESDAY THURSDAY TUESDAY MONDAY) 
(WEDNESDAY FRIDAY THURSDAY TUESDAY MONDAY) 
(THURSDAY WEDNESDAY FRIDAY TUESDAY MONDAY) 
(WEDNESDAY THURSDAY FRIDAY TUESDAY MONDAY) 
(FRIDAY THURSDAY TUESDAY WEDNESDAY MONDAY) 
(THURSDAY FRIDAY TUESDAY WEDNESDAY MONDAY) 
(FRIDAY TUESDAY THURSDAY WEDNESDAY MONDAY) 
(TUESDAY FRIDAY THURSDAY WEDNESDAY MONDAY) 
(THURSDAY TUESDAY FRIDAY WEDNESDAY MONDAY) 
(TUESDAY THURSDAY FRIDAY WEDNESDAY MONDAY) 
(FRIDAY WEDNESDAY TUESDAY THURSDAY MONDAY) 
(WEDNESDAY FRIDAY TUESDAY THURSDAY MONDAY) 
(FRIDAY TUESDAY WEDNESDAY THURSDAY MONDAY) 
(TUESDAY FRIDAY WEDNESDAY THURSDAY MONDAY) 
(WEDNESDAY TUESDAY FRIDAY THURSDAY MONDAY) 
(TUESDAY WEDNESDAY FRIDAY THURSDAY MONDAY) 
(THURSDAY WEDNESDAY TUESDAY FRIDAY MONDAY) 
(WEDNESDAY THURSDAY TUESDAY FRIDAY MONDAY) 
(THURSDAY TUESDAY WEDNESDAY FRIDAY MONDAY) 
(TUESDAY THURSDAY WEDNESDAY FRIDAY MONDAY) 
(WEDNESDAY TUESDAY THURSDAY FRIDAY MONDAY) 
(TUESDAY WEDNESDAY THURSDAY FRIDAY MONDAY) 
(FRIDAY THURSDAY WEDNESDAY MONDAY TUESDAY) 
(THURSDAY FRIDAY WEDNESDAY MONDAY TUESDAY) 
(FRIDAY WEDNESDAY THURSDAY MONDAY TUESDAY) 
(WEDNESDAY FRIDAY THURSDAY MONDAY TUESDAY) 
(THURSDAY WEDNESDAY FRIDAY MONDAY TUESDAY) 
(WEDNESDAY THURSDAY FRIDAY MONDAY TUESDAY) 
       suppressing printing ...
  Permutation count: 120

***ALL_DONE***
* (quit)
bash-3.2$ exit

Script done on Sun Sep  4 10:41:51 2011
